<?xml version="1.0" encoding="UTF-8"?>
<testng-results ignored="0" total="3" passed="3" failed="0" skipped="0">
  <reporter-output>
  </reporter-output>
  <suite started-at="2022-12-23T22:59:33 GST" name="Default suite" finished-at="2022-12-23T23:02:01 GST" duration-ms="147841">
    <groups>
      <group name="cucumber">
        <method signature="AbstractTestNGCucumberTests.runScenario(io.cucumber.testng.PickleWrapper,io.cucumber.testng.FeatureWrapper)[pri:0, instance:ValueLabs.Tests.TestNGTestRunner@48bb62]" name="runScenario" class="io.cucumber.testng.AbstractTestNGCucumberTests"/>
      </group> <!-- cucumber -->
    </groups>
    <test started-at="2022-12-23T22:59:33 GST" name="Default test" finished-at="2022-12-23T23:02:01 GST" duration-ms="147841">
      <class name="ValueLabs.Tests.TestNGTestRunner">
        <test-method is-config="true" signature="setUpClass(org.testng.ITestContext)[pri:0, instance:ValueLabs.Tests.TestNGTestRunner@48bb62]" started-at="2022-12-23T22:59:33 GST" name="setUpClass" finished-at="2022-12-23T22:59:35 GST" duration-ms="1176" status="PASS">
          <params>
            <param index="0">
              <value>
                <![CDATA[org.testng.TestRunner@1c74d19]]>
              </value>
            </param>
          </params>
          <reporter-output>
          </reporter-output>
        </test-method> <!-- setUpClass -->
        <test-method signature="runScenario(io.cucumber.testng.PickleWrapper,io.cucumber.testng.FeatureWrapper)[pri:0, instance:ValueLabs.Tests.TestNGTestRunner@48bb62]" started-at="2022-12-23T22:59:35 GST" name="runScenario" description="Runs Cucumber Scenarios" data-provider="scenarios" finished-at="2022-12-23T23:00:38 GST" duration-ms="63318" status="PASS">
          <params>
            <param index="0">
              <value>
                <![CDATA["Validating subscription packages for different countries"]]>
              </value>
            </param>
            <param index="1">
              <value>
                <![CDATA["TV Subscription"]]>
              </value>
            </param>
          </params>
          <reporter-output>
          </reporter-output>
        </test-method> <!-- runScenario -->
        <test-method signature="runScenario(io.cucumber.testng.PickleWrapper,io.cucumber.testng.FeatureWrapper)[pri:0, instance:ValueLabs.Tests.TestNGTestRunner@48bb62]" started-at="2022-12-23T23:00:38 GST" name="runScenario" description="Runs Cucumber Scenarios" data-provider="scenarios" finished-at="2022-12-23T23:01:21 GST" duration-ms="43474" status="PASS">
          <params>
            <param index="0">
              <value>
                <![CDATA["Validating subscription packages for different countries"]]>
              </value>
            </param>
            <param index="1">
              <value>
                <![CDATA["TV Subscription"]]>
              </value>
            </param>
          </params>
          <reporter-output>
          </reporter-output>
        </test-method> <!-- runScenario -->
        <test-method signature="runScenario(io.cucumber.testng.PickleWrapper,io.cucumber.testng.FeatureWrapper)[pri:0, instance:ValueLabs.Tests.TestNGTestRunner@48bb62]" started-at="2022-12-23T23:01:21 GST" name="runScenario" description="Runs Cucumber Scenarios" data-provider="scenarios" finished-at="2022-12-23T23:02:00 GST" duration-ms="38929" status="PASS">
          <params>
            <param index="0">
              <value>
                <![CDATA["Validating subscription packages for different countries"]]>
              </value>
            </param>
            <param index="1">
              <value>
                <![CDATA["TV Subscription"]]>
              </value>
            </param>
          </params>
          <reporter-output>
          </reporter-output>
        </test-method> <!-- runScenario -->
        <test-method is-config="true" signature="tearDownClass()[pri:0, instance:ValueLabs.Tests.TestNGTestRunner@48bb62]" started-at="2022-12-23T23:02:00 GST" name="tearDownClass" finished-at="2022-12-23T23:02:01 GST" duration-ms="844" status="PASS">
          <reporter-output>
          </reporter-output>
        </test-method> <!-- tearDownClass -->
      </class> <!-- ValueLabs.Tests.TestNGTestRunner -->
    </test> <!-- Default test -->
  </suite> <!-- Default suite -->
</testng-results>
